<?xml version="1.0" encoding="UTF-8"?>
<coverage generated="1774632497522" clover="3.2.0">
  <project timestamp="1774632497522" name="All files">
    <metrics statements="47" coveredstatements="47" conditionals="20" coveredconditionals="19" methods="8" coveredmethods="8" elements="75" coveredelements="74" complexity="0" loc="47" ncloc="47" packages="3" files="3" classes="3"/>
    <package name="supabase">
      <metrics statements="3" coveredstatements="3" conditionals="0" coveredconditionals="0" methods="0" coveredmethods="0"/>
      <file name="client.ts" path="/Users/nolanmeyer/GitHub/CleanStreamWeb/src/supabase/client.ts">
        <metrics statements="3" coveredstatements="3" conditionals="0" coveredconditionals="0" methods="0" coveredmethods="0"/>
        <line num="3" count="1" type="stmt"/>
        <line num="4" count="1" type="stmt"/>
        <line num="6" count="1" type="stmt"/>
      </file>
    </package>
    <package name="supabase.enum">
      <metrics statements="4" coveredstatements="4" conditionals="0" coveredconditionals="0" methods="1" coveredmethods="1"/>
      <file name="authentication_responses.ts" path="/Users/nolanmeyer/GitHub/CleanStreamWeb/src/supabase/enum/authentication_responses.ts">
        <metrics statements="4" coveredstatements="4" conditionals="0" coveredconditionals="0" methods="1" coveredmethods="1"/>
        <line num="1" count="1" type="stmt"/>
        <line num="2" count="1" type="stmt"/>
        <line num="3" count="1" type="stmt"/>
        <line num="4" count="1" type="stmt"/>
      </file>
    </package>
    <package name="supabase.repositories">
      <metrics statements="40" coveredstatements="40" conditionals="20" coveredconditionals="19" methods="7" coveredmethods="7"/>
      <file name="AuthRepository.ts" path="/Users/nolanmeyer/GitHub/CleanStreamWeb/src/supabase/repositories/AuthRepository.ts">
        <metrics statements="40" coveredstatements="40" conditionals="20" coveredconditionals="19" methods="7" coveredmethods="7"/>
        <line num="8" count="17" type="stmt"/>
        <line num="9" count="17" type="stmt"/>
        <line num="11" count="17" type="stmt"/>
        <line num="13" count="17" type="stmt"/>
        <line num="14" count="6" type="stmt"/>
        <line num="16" count="6" type="stmt"/>
        <line num="22" count="6" type="cond" truecount="4" falsecount="0"/>
        <line num="23" count="1" type="stmt"/>
        <line num="25" count="5" type="stmt"/>
        <line num="26" count="5" type="cond" truecount="2" falsecount="0"/>
        <line num="27" count="1" type="stmt"/>
        <line num="31" count="5" type="cond" truecount="1" falsecount="1"/>
        <line num="32" count="5" type="stmt"/>
        <line num="36" count="5" type="stmt"/>
        <line num="40" count="6" type="stmt"/>
        <line num="46" count="12" type="stmt"/>
        <line num="52" count="12" type="cond" truecount="2" falsecount="0"/>
        <line num="53" count="11" type="cond" truecount="4" falsecount="0"/>
        <line num="54" count="8" type="stmt"/>
        <line num="56" count="3" type="stmt"/>
        <line num="59" count="1" type="stmt"/>
        <line num="62" count="12" type="stmt"/>
        <line num="65" count="17" type="stmt"/>
        <line num="66" count="4" type="stmt"/>
        <line num="69" count="17" type="stmt"/>
        <line num="70" count="2" type="stmt"/>
        <line num="73" count="17" type="stmt"/>
        <line num="74" count="5" type="stmt"/>
        <line num="75" count="5" type="stmt"/>
        <line num="77" count="4" type="cond" truecount="4" falsecount="0"/>
        <line num="78" count="1" type="stmt"/>
        <line num="81" count="3" type="stmt"/>
        <line num="82" count="3" type="cond" truecount="2" falsecount="0"/>
        <line num="83" count="1" type="stmt"/>
        <line num="86" count="2" type="stmt"/>
        <line num="87" count="2" type="stmt"/>
        <line num="89" count="2" type="stmt"/>
        <line num="91" count="1" type="stmt"/>
        <line num="95" count="17" type="stmt"/>
        <line num="96" count="1" type="stmt"/>
      </file>
    </package>
  </project>
</coverage>
