{"/Users/nolanmeyer/GitHub/CleanStreamWeb/src/supabase/client.ts": {"path":"/Users/nolanmeyer/GitHub/CleanStreamWeb/src/supabase/client.ts","statementMap":{"0":{"start":{"line":3,"column":20},"end":{"line":3,"column":null}},"1":{"start":{"line":4,"column":20},"end":{"line":4,"column":null}},"2":{"start":{"line":6,"column":6},"end":{"line":6,"column":71}}},"fnMap":{},"branchMap":{},"s":{"0":1,"1":1,"2":1},"f":{},"b":{},"meta":{"lastBranch":0,"lastFunction":0,"lastStatement":3,"seen":{"s:3:20:3:Infinity":0,"s:4:20:4:Infinity":1,"s:6:6:6:71":2}}}
,"/Users/nolanmeyer/GitHub/CleanStreamWeb/src/supabase/enum/authentication_responses.ts": {"path":"/Users/nolanmeyer/GitHub/CleanStreamWeb/src/supabase/enum/authentication_responses.ts","statementMap":{"0":{"start":{"line":1,"column":7},"end":{"line":4,"column":null}},"1":{"start":{"line":2,"column":4},"end":{"line":2,"column":null}},"2":{"start":{"line":3,"column":4},"end":{"line":3,"column":null}},"3":{"start":{"line":4,"column":4},"end":{"line":4,"column":null}}},"fnMap":{"0":{"name":"(anonymous_0)","decl":{"start":{"line":1,"column":7},"end":{"line":1,"column":12}},"loc":{"start":{"line":1,"column":7},"end":{"line":4,"column":null}},"line":1}},"branchMap":{},"s":{"0":1,"1":1,"2":1,"3":1},"f":{"0":1},"b":{},"meta":{"lastBranch":0,"lastFunction":1,"lastStatement":4,"seen":{"s:1:7:4:Infinity":0,"f:1:7:1:12":0,"s:2:4:2:Infinity":1,"s:3:4:3:Infinity":2,"s:4:4:4:Infinity":3}}}
,"/Users/nolanmeyer/GitHub/CleanStreamWeb/src/supabase/repositories/AuthRepository.ts": {"path":"/Users/nolanmeyer/GitHub/CleanStreamWeb/src/supabase/repositories/AuthRepository.ts","statementMap":{"0":{"start":{"line":11,"column":24},"end":{"line":11,"column":48}},"1":{"start":{"line":8,"column":38},"end":{"line":8,"column":null}},"2":{"start":{"line":9,"column":36},"end":{"line":9,"column":null}},"3":{"start":{"line":13,"column":12},"end":{"line":40,"column":null}},"4":{"start":{"line":14,"column":45},"end":{"line":14,"column":null}},"5":{"start":{"line":16,"column":31},"end":{"line":19,"column":10}},"6":{"start":{"line":22,"column":8},"end":{"line":36,"column":null}},"7":{"start":{"line":23,"column":12},"end":{"line":23,"column":null}},"8":{"start":{"line":25,"column":51},"end":{"line":25,"column":84}},"9":{"start":{"line":26,"column":12},"end":{"line":27,"column":null}},"10":{"start":{"line":27,"column":16},"end":{"line":27,"column":null}},"11":{"start":{"line":31,"column":12},"end":{"line":32,"column":null}},"12":{"start":{"line":32,"column":16},"end":{"line":32,"column":null}},"13":{"start":{"line":36,"column":12},"end":{"line":36,"column":null}},"14":{"start":{"line":40,"column":8},"end":{"line":40,"column":null}},"15":{"start":{"line":65,"column":16},"end":{"line":66,"column":null}},"16":{"start":{"line":66,"column":8},"end":{"line":66,"column":null}},"17":{"start":{"line":69,"column":16},"end":{"line":70,"column":null}},"18":{"start":{"line":70,"column":8},"end":{"line":70,"column":null}},"19":{"start":{"line":73,"column":21},"end":{"line":91,"column":null}},"20":{"start":{"line":74,"column":8},"end":{"line":91,"column":null}},"21":{"start":{"line":75,"column":34},"end":{"line":75,"column":69}},"22":{"start":{"line":77,"column":12},"end":{"line":78,"column":null}},"23":{"start":{"line":78,"column":16},"end":{"line":78,"column":null}},"24":{"start":{"line":81,"column":33},"end":{"line":81,"column":73}},"25":{"start":{"line":82,"column":12},"end":{"line":83,"column":null}},"26":{"start":{"line":83,"column":16},"end":{"line":83,"column":null}},"27":{"start":{"line":86,"column":12},"end":{"line":86,"column":null}},"28":{"start":{"line":87,"column":12},"end":{"line":87,"column":null}},"29":{"start":{"line":89,"column":12},"end":{"line":89,"column":null}},"30":{"start":{"line":91,"column":12},"end":{"line":91,"column":null}},"31":{"start":{"line":95,"column":14},"end":{"line":96,"column":null}},"32":{"start":{"line":96,"column":8},"end":{"line":96,"column":null}},"33":{"start":{"line":46,"column":29},"end":{"line":50,"column":21}},"34":{"start":{"line":52,"column":8},"end":{"line":59,"column":null}},"35":{"start":{"line":53,"column":12},"end":{"line":56,"column":null}},"36":{"start":{"line":54,"column":16},"end":{"line":54,"column":null}},"37":{"start":{"line":56,"column":16},"end":{"line":56,"column":null}},"38":{"start":{"line":59,"column":12},"end":{"line":59,"column":null}},"39":{"start":{"line":62,"column":8},"end":{"line":62,"column":null}}},"fnMap":{"0":{"name":"(anonymous_0)","decl":{"start":{"line":11,"column":4},"end":{"line":11,"column":16}},"loc":{"start":{"line":11,"column":48},"end":{"line":96,"column":null}},"line":11},"1":{"name":"(anonymous_1)","decl":{"start":{"line":13,"column":12},"end":{"line":13,"column":19}},"loc":{"start":{"line":13,"column":88},"end":{"line":40,"column":null}},"line":13},"2":{"name":"(anonymous_2)","decl":{"start":{"line":65,"column":16},"end":{"line":65,"column":46}},"loc":{"start":{"line":65,"column":46},"end":{"line":66,"column":null}},"line":65},"3":{"name":"(anonymous_3)","decl":{"start":{"line":69,"column":16},"end":{"line":69,"column":52}},"loc":{"start":{"line":69,"column":52},"end":{"line":70,"column":null}},"line":69},"4":{"name":"(anonymous_4)","decl":{"start":{"line":73,"column":21},"end":{"line":73,"column":66}},"loc":{"start":{"line":73,"column":66},"end":{"line":91,"column":null}},"line":73},"5":{"name":"(anonymous_5)","decl":{"start":{"line":95,"column":14},"end":{"line":95,"column":41}},"loc":{"start":{"line":95,"column":41},"end":{"line":96,"column":null}},"line":95},"6":{"name":"(anonymous_6)","decl":{"start":{"line":43,"column":10},"end":{"line":43,"column":18}},"loc":{"start":{"line":43,"column":79},"end":{"line":62,"column":null}},"line":43}},"branchMap":{"0":{"loc":{"start":{"line":22,"column":8},"end":{"line":36,"column":null}},"type":"if","locations":[{"start":{"line":22,"column":8},"end":{"line":36,"column":null}},{"start":{"line":24,"column":13},"end":{"line":36,"column":null}}],"line":22},"1":{"loc":{"start":{"line":22,"column":11},"end":{"line":22,"column":39}},"type":"binary-expr","locations":[{"start":{"line":22,"column":11},"end":{"line":22,"column":33}},{"start":{"line":22,"column":33},"end":{"line":22,"column":39}}],"line":22},"2":{"loc":{"start":{"line":26,"column":12},"end":{"line":27,"column":null}},"type":"if","locations":[{"start":{"line":26,"column":12},"end":{"line":27,"column":null}},{"start":{},"end":{}}],"line":26},"3":{"loc":{"start":{"line":31,"column":12},"end":{"line":32,"column":null}},"type":"if","locations":[{"start":{"line":31,"column":12},"end":{"line":32,"column":null}},{"start":{},"end":{}}],"line":31},"4":{"loc":{"start":{"line":77,"column":12},"end":{"line":78,"column":null}},"type":"if","locations":[{"start":{"line":77,"column":12},"end":{"line":78,"column":null}},{"start":{},"end":{}}],"line":77},"5":{"loc":{"start":{"line":77,"column":16},"end":{"line":77,"column":40}},"type":"binary-expr","locations":[{"start":{"line":77,"column":16},"end":{"line":77,"column":25}},{"start":{"line":77,"column":25},"end":{"line":77,"column":40}}],"line":77},"6":{"loc":{"start":{"line":82,"column":12},"end":{"line":83,"column":null}},"type":"if","locations":[{"start":{"line":82,"column":12},"end":{"line":83,"column":null}},{"start":{},"end":{}}],"line":82},"7":{"loc":{"start":{"line":52,"column":8},"end":{"line":59,"column":null}},"type":"if","locations":[{"start":{"line":52,"column":8},"end":{"line":59,"column":null}},{"start":{"line":58,"column":13},"end":{"line":59,"column":null}}],"line":52},"8":{"loc":{"start":{"line":53,"column":12},"end":{"line":56,"column":null}},"type":"if","locations":[{"start":{"line":53,"column":12},"end":{"line":56,"column":null}},{"start":{"line":55,"column":17},"end":{"line":56,"column":null}}],"line":53},"9":{"loc":{"start":{"line":53,"column":16},"end":{"line":53,"column":66}},"type":"binary-expr","locations":[{"start":{"line":53,"column":16},"end":{"line":53,"column":42}},{"start":{"line":53,"column":42},"end":{"line":53,"column":66}}],"line":53}},"s":{"0":17,"1":17,"2":17,"3":17,"4":6,"5":6,"6":6,"7":1,"8":5,"9":5,"10":1,"11":5,"12":5,"13":5,"14":6,"15":17,"16":4,"17":17,"18":2,"19":17,"20":5,"21":5,"22":4,"23":1,"24":3,"25":3,"26":1,"27":2,"28":2,"29":2,"30":1,"31":17,"32":1,"33":12,"34":12,"35":11,"36":8,"37":3,"38":1,"39":12},"f":{"0":17,"1":6,"2":4,"3":2,"4":5,"5":1,"6":12},"b":{"0":[1,5],"1":[6,5],"2":[1,4],"3":[5,0],"4":[1,3],"5":[4,4],"6":[1,2],"7":[11,1],"8":[8,3],"9":[11,5]},"meta":{"lastBranch":10,"lastFunction":7,"lastStatement":40,"seen":{"f:11:4:11:16":0,"s:11:24:11:48":0,"s:8:38:8:Infinity":1,"s:9:36:9:Infinity":2,"s:13:12:40:Infinity":3,"f:13:12:13:19":1,"s:14:45:14:Infinity":4,"s:16:31:19:10":5,"b:22:8:36:Infinity:24:13:36:Infinity":0,"s:22:8:36:Infinity":6,"b:22:11:22:33:22:33:22:39":1,"s:23:12:23:Infinity":7,"s:25:51:25:84":8,"b:26:12:27:Infinity:undefined:undefined:undefined:undefined":2,"s:26:12:27:Infinity":9,"s:27:16:27:Infinity":10,"b:31:12:32:Infinity:undefined:undefined:undefined:undefined":3,"s:31:12:32:Infinity":11,"s:32:16:32:Infinity":12,"s:36:12:36:Infinity":13,"s:40:8:40:Infinity":14,"s:65:16:66:Infinity":15,"f:65:16:65:46":2,"s:66:8:66:Infinity":16,"s:69:16:70:Infinity":17,"f:69:16:69:52":3,"s:70:8:70:Infinity":18,"s:73:21:91:Infinity":19,"f:73:21:73:66":4,"s:74:8:91:Infinity":20,"s:75:34:75:69":21,"b:77:12:78:Infinity:undefined:undefined:undefined:undefined":4,"s:77:12:78:Infinity":22,"b:77:16:77:25:77:25:77:40":5,"s:78:16:78:Infinity":23,"s:81:33:81:73":24,"b:82:12:83:Infinity:undefined:undefined:undefined:undefined":6,"s:82:12:83:Infinity":25,"s:83:16:83:Infinity":26,"s:86:12:86:Infinity":27,"s:87:12:87:Infinity":28,"s:89:12:89:Infinity":29,"s:91:12:91:Infinity":30,"s:95:14:96:Infinity":31,"f:95:14:95:41":5,"s:96:8:96:Infinity":32,"f:43:10:43:18":6,"s:46:29:50:21":33,"b:52:8:59:Infinity:58:13:59:Infinity":7,"s:52:8:59:Infinity":34,"b:53:12:56:Infinity:55:17:56:Infinity":8,"s:53:12:56:Infinity":35,"b:53:16:53:42:53:42:53:66":9,"s:54:16:54:Infinity":36,"s:56:16:56:Infinity":37,"s:59:12:59:Infinity":38,"s:62:8:62:Infinity":39}}}
}
