TN:
SF:src/supabase/client.ts
FNF:0
FNH:0
DA:3,1
DA:4,1
DA:6,1
LF:3
LH:3
BRF:0
BRH:0
end_of_record
TN:
SF:src/supabase/enum/authentication_responses.ts
FN:1,(anonymous_0)
FNF:1
FNH:1
FNDA:1,(anonymous_0)
DA:1,1
DA:2,1
DA:3,1
DA:4,1
LF:4
LH:4
BRF:0
BRH:0
end_of_record
TN:
SF:src/supabase/repositories/AuthRepository.ts
FN:11,(anonymous_0)
FN:13,(anonymous_1)
FN:65,(anonymous_2)
FN:69,(anonymous_3)
FN:73,(anonymous_4)
FN:95,(anonymous_5)
FN:43,(anonymous_6)
FNF:7
FNH:7
FNDA:17,(anonymous_0)
FNDA:6,(anonymous_1)
FNDA:4,(anonymous_2)
FNDA:2,(anonymous_3)
FNDA:5,(anonymous_4)
FNDA:1,(anonymous_5)
FNDA:12,(anonymous_6)
DA:8,17
DA:9,17
DA:11,17
DA:13,17
DA:14,6
DA:16,6
DA:22,6
DA:23,1
DA:25,5
DA:26,5
DA:27,1
DA:31,5
DA:32,5
DA:36,5
DA:40,6
DA:46,12
DA:52,12
DA:53,11
DA:54,8
DA:56,3
DA:59,1
DA:62,12
DA:65,17
DA:66,4
DA:69,17
DA:70,2
DA:73,17
DA:74,5
DA:75,5
DA:77,4
DA:78,1
DA:81,3
DA:82,3
DA:83,1
DA:86,2
DA:87,2
DA:89,2
DA:91,1
DA:95,17
DA:96,1
LF:40
LH:40
BRDA:22,0,0,1
BRDA:22,0,1,5
BRDA:22,1,0,6
BRDA:22,1,1,5
BRDA:26,2,0,1
BRDA:26,2,1,4
BRDA:31,3,0,5
BRDA:31,3,1,0
BRDA:77,4,0,1
BRDA:77,4,1,3
BRDA:77,5,0,4
BRDA:77,5,1,4
BRDA:82,6,0,1
BRDA:82,6,1,2
BRDA:52,7,0,11
BRDA:52,7,1,1
BRDA:53,8,0,8
BRDA:53,8,1,3
BRDA:53,9,0,11
BRDA:53,9,1,5
BRF:20
BRH:19
end_of_record
